<?xml version="1.0" encoding="UTF-8"?>
<testng-results skipped="0" failed="1" ignored="6" total="9" passed="2">
  <reporter-output>
    <line>
      <![CDATA[captureScreen method called]]>
    </line>
    <line>
      <![CDATA[<a href='/Users/saurabhsharma/Automation_Workspace/UIAutomation_Aug2019/uiAutomationRetailSite/src/test/TestResults/com/uiAutomationRetailSite/Expedia/GCO/ScreenShots/Blank_90714_27_08_2019_08_52_47.png'> <img src='/Users/saurabhsharma/Automation_Workspace/UIAutomation_Aug2019/uiAutomationRetailSite/src/test/TestResults/com/uiAutomationRetailSite/Expedia/GCO/ScreenShots/Blank_90714_27_08_2019_08_52_47.png' height='100' width='100'/> </a>]]>
    </line>
    <line>
      <![CDATA[captureScreen method called]]>
    </line>
    <line>
      <![CDATA[<a href='/Users/saurabhsharma/Automation_Workspace/UIAutomation_Aug2019/uiAutomationRetailSite/src/test/TestResults/com/uiAutomationRetailSite/Expedia/GCO/ScreenShots/Blank_64854_27_08_2019_08_52_47.png'> <img src='/Users/saurabhsharma/Automation_Workspace/UIAutomation_Aug2019/uiAutomationRetailSite/src/test/TestResults/com/uiAutomationRetailSite/Expedia/GCO/ScreenShots/Blank_64854_27_08_2019_08_52_47.png' height='100' width='100'/> </a>]]>
    </line>
    <line>
      <![CDATA[captureScreen method called]]>
    </line>
    <line>
      <![CDATA[<a href='/Users/saurabhsharma/Automation_Workspace/UIAutomation_Aug2019/uiAutomationRetailSite/src/test/TestResults/com/uiAutomationRetailSite/Expedia/GCO/ScreenShots/Blank_67149_27_08_2019_08_52_47.png'> <img src='/Users/saurabhsharma/Automation_Workspace/UIAutomation_Aug2019/uiAutomationRetailSite/src/test/TestResults/com/uiAutomationRetailSite/Expedia/GCO/ScreenShots/Blank_67149_27_08_2019_08_52_47.png' height='100' width='100'/> </a>]]>
    </line>
    <line>
      <![CDATA[captureScreen method called]]>
    </line>
    <line>
      <![CDATA[<a href='/Users/saurabhsharma/Automation_Workspace/UIAutomation_Aug2019/uiAutomationRetailSite/src/test/TestResults/com/uiAutomationRetailSite/Expedia/GCO/ScreenShots/Blank_56834_27_08_2019_08_52_47.png'> <img src='/Users/saurabhsharma/Automation_Workspace/UIAutomation_Aug2019/uiAutomationRetailSite/src/test/TestResults/com/uiAutomationRetailSite/Expedia/GCO/ScreenShots/Blank_56834_27_08_2019_08_52_47.png' height='100' width='100'/> </a>]]>
    </line>
    <line>
      <![CDATA[captureScreen method called]]>
    </line>
  </reporter-output>
  <suite name="Surefire suite" duration-ms="59860" started-at="2019-08-28T01:52:40Z" finished-at="2019-08-28T01:53:40Z">
    <groups>
    </groups>
    <test name="Surefire test" duration-ms="59860" started-at="2019-08-28T01:52:40Z" finished-at="2019-08-28T01:53:40Z">
      <class name="com.uiAutomationRetailSite.Expedia.GCO.TestScripts.TestScreenshot">
        <test-method status="PASS" signature="beforeSuite()[pri:0, instance:com.uiAutomationRetailSite.Expedia.GCO.TestScripts.TestScreenshot@57fffcd7]" name="beforeSuite" is-config="true" duration-ms="139" started-at="2019-08-28T01:52:40Z" finished-at="2019-08-28T01:52:40Z">
          <reporter-output>
          </reporter-output>
        </test-method> <!-- beforeSuite -->
        <test-method status="PASS" signature="beforeTest()[pri:0, instance:com.uiAutomationRetailSite.Expedia.GCO.TestScripts.TestScreenshot@57fffcd7]" name="beforeTest" is-config="true" duration-ms="2591" started-at="2019-08-28T01:52:40Z" finished-at="2019-08-28T01:52:42Z">
          <reporter-output>
          </reporter-output>
        </test-method> <!-- beforeTest -->
        <test-method status="PASS" signature="beforeMethod(java.lang.reflect.Method)[pri:0, instance:com.uiAutomationRetailSite.Expedia.GCO.TestScripts.TestScreenshot@57fffcd7]" name="beforeMethod" is-config="true" duration-ms="7" started-at="2019-08-28T01:52:42Z" finished-at="2019-08-28T01:52:42Z">
          <params>
            <param index="0">
              <value>
                <![CDATA[public void com.uiAutomationRetailSite.Expedia.GCO.TestScripts.TestScreenshot.testScreen()]]>
              </value>
            </param>
          </params>
          <reporter-output>
          </reporter-output>
        </test-method> <!-- beforeMethod -->
        <test-method status="PASS" signature="testScreen()[pri:0, instance:com.uiAutomationRetailSite.Expedia.GCO.TestScripts.TestScreenshot@57fffcd7]" name="testScreen" duration-ms="4453" started-at="2019-08-28T01:52:42Z" finished-at="2019-08-28T01:52:47Z">
          <reporter-output>
            <line>
              <![CDATA[captureScreen method called]]>
            </line>
            <line>
              <![CDATA[<a href='/Users/saurabhsharma/Automation_Workspace/UIAutomation_Aug2019/uiAutomationRetailSite/src/test/TestResults/com/uiAutomationRetailSite/Expedia/GCO/ScreenShots/Blank_90714_27_08_2019_08_52_47.png'> <img src='/Users/saurabhsharma/Automation_Workspace/UIAutomation_Aug2019/uiAutomationRetailSite/src/test/TestResults/com/uiAutomationRetailSite/Expedia/GCO/ScreenShots/Blank_90714_27_08_2019_08_52_47.png' height='100' width='100'/> </a>]]>
            </line>
          </reporter-output>
        </test-method> <!-- testScreen -->
        <test-method status="PASS" signature="afterMethod(org.testng.ITestResult)[pri:0, instance:com.uiAutomationRetailSite.Expedia.GCO.TestScripts.TestScreenshot@57fffcd7]" name="afterMethod" is-config="true" duration-ms="330" started-at="2019-08-28T01:52:47Z" finished-at="2019-08-28T01:52:47Z">
          <params>
            <param index="0">
              <value>
                <![CDATA[[TestResult name=testScreen status=SUCCESS method=TestScreenshot.testScreen()[pri:0, instance:com.uiAutomationRetailSite.Expedia.GCO.TestScripts.TestScreenshot@57fffcd7] output=captureScreen method called]]]>
              </value>
            </param>
          </params>
          <reporter-output>
          </reporter-output>
        </test-method> <!-- afterMethod -->
        <test-method status="PASS" signature="afterTest()[pri:0, instance:com.uiAutomationRetailSite.Expedia.GCO.TestScripts.TestScreenshot@57fffcd7]" name="afterTest" is-config="true" duration-ms="136" started-at="2019-08-28T01:53:40Z" finished-at="2019-08-28T01:53:40Z">
          <reporter-output>
          </reporter-output>
        </test-method> <!-- afterTest -->
      </class> <!-- com.uiAutomationRetailSite.Expedia.GCO.TestScripts.TestScreenshot -->
      <class name="com.uiAutomationRetailSite.Expedia.GCO.TestScripts.RagistrationTest.RagistrationTest">
        <test-method status="PASS" signature="beforeMethod(java.lang.reflect.Method)[pri:0, instance:com.uiAutomationRetailSite.Expedia.GCO.TestScripts.RagistrationTest.RagistrationTest@598067a5]" name="beforeMethod" is-config="true" duration-ms="1" started-at="2019-08-28T01:52:54Z" finished-at="2019-08-28T01:52:54Z">
          <params>
            <param index="0">
              <value>
                <![CDATA[public void com.uiAutomationRetailSite.Expedia.GCO.TestScripts.RagistrationTest.RagistrationTest.testRagitsration()]]>
              </value>
            </param>
          </params>
          <reporter-output>
          </reporter-output>
        </test-method> <!-- beforeMethod -->
        <test-method status="FAIL" signature="testRagitsration()[pri:0, instance:com.uiAutomationRetailSite.Expedia.GCO.TestScripts.RagistrationTest.RagistrationTest@598067a5]" name="testRagitsration" duration-ms="45084" started-at="2019-08-28T01:52:54Z" description="Test the Ragitsration page." finished-at="2019-08-28T01:53:40Z">
          <exception class="org.openqa.selenium.NoSuchElementException">
            <message>
              <![CDATA[Cannot locate an element using xpath=//*[@id='email_create']
For documentation on this error, please visit: https://www.seleniumhq.org/exceptions/no_such_element.html
Build info: version: '3.141.59', revision: 'e82be7d358', time: '2018-11-14T08:17:03'
System info: host: 'Saurabhs-MacBook-Pro.local', ip: '2601:249:8300:34f0:f9f0:4acf:d363:53f', os.name: 'Mac OS X', os.arch: 'x86_64', os.version: '10.14.6', java.version: '1.8.0_65'
Driver info: driver.version: RemoteWebDriver]]>
            </message>
            <full-stacktrace>
              <![CDATA[org.openqa.selenium.NoSuchElementException: Cannot locate an element using xpath=//*[@id='email_create']
For documentation on this error, please visit: https://www.seleniumhq.org/exceptions/no_such_element.html
Build info: version: '3.141.59', revision: 'e82be7d358', time: '2018-11-14T08:17:03'
System info: host: 'Saurabhs-MacBook-Pro.local', ip: '2601:249:8300:34f0:f9f0:4acf:d363:53f', os.name: 'Mac OS X', os.arch: 'x86_64', os.version: '10.14.6', java.version: '1.8.0_65'
Driver info: driver.version: RemoteWebDriver
at org.openqa.selenium.remote.RemoteWebDriver.findElement(RemoteWebDriver.java:327)
at org.openqa.selenium.remote.RemoteWebDriver.findElementByXPath(RemoteWebDriver.java:428)
at org.openqa.selenium.By$ByXPath.findElement(By.java:353)
at org.openqa.selenium.remote.RemoteWebDriver.findElement(RemoteWebDriver.java:315)
at org.openqa.selenium.support.pagefactory.DefaultElementLocator.findElement(DefaultElementLocator.java:69)
at org.openqa.selenium.support.pagefactory.internal.LocatingElementHandler.invoke(LocatingElementHandler.java:38)
at com.sun.proxy.$Proxy10.sendKeys(Unknown Source)
at com.uiAutomationRetailSite.Expedia.GCO.PageObject.LoginPages.LoginPage.enterRegistrationEmail(LoginPage.java:124)
at com.uiAutomationRetailSite.Expedia.GCO.PageObject.LoginPages.LoginPage.emailRagistartionForAccountCreation(LoginPage.java:141)
at com.uiAutomationRetailSite.Expedia.GCO.TestScripts.RagistrationTest.RagistrationTest.testRagitsration(RagistrationTest.java:29)
at sun.reflect.NativeMethodAccessorImpl.invoke0(Native Method)
at sun.reflect.NativeMethodAccessorImpl.invoke(NativeMethodAccessorImpl.java:62)
at sun.reflect.DelegatingMethodAccessorImpl.invoke(DelegatingMethodAccessorImpl.java:43)
at java.lang.reflect.Method.invoke(Method.java:497)
at org.testng.internal.MethodInvocationHelper.invokeMethod(MethodInvocationHelper.java:124)
at org.testng.internal.Invoker.invokeMethod(Invoker.java:583)
at org.testng.internal.Invoker.invokeTestMethod(Invoker.java:719)
at org.testng.internal.Invoker.invokeTestMethods(Invoker.java:989)
at org.testng.internal.TestMethodWorker.invokeTestMethods(TestMethodWorker.java:125)
at org.testng.internal.TestMethodWorker.run(TestMethodWorker.java:109)
at org.testng.TestRunner.privateRun(TestRunner.java:648)
at org.testng.TestRunner.run(TestRunner.java:505)
at org.testng.SuiteRunner.runTest(SuiteRunner.java:455)
at org.testng.SuiteRunner.runSequentially(SuiteRunner.java:450)
at org.testng.SuiteRunner.privateRun(SuiteRunner.java:415)
at org.testng.SuiteRunner.run(SuiteRunner.java:364)
at org.testng.SuiteRunnerWorker.runSuite(SuiteRunnerWorker.java:52)
at org.testng.SuiteRunnerWorker.run(SuiteRunnerWorker.java:84)
at org.testng.TestNG.runSuitesSequentially(TestNG.java:1208)
at org.testng.TestNG.runSuitesLocally(TestNG.java:1137)
at org.testng.TestNG.runSuites(TestNG.java:1049)
at org.testng.TestNG.run(TestNG.java:1017)
at org.apache.maven.surefire.testng.TestNGExecutor.run(TestNGExecutor.java:135)
at org.apache.maven.surefire.testng.TestNGDirectoryTestSuite.executeMulti(TestNGDirectoryTestSuite.java:193)
at org.apache.maven.surefire.testng.TestNGDirectoryTestSuite.execute(TestNGDirectoryTestSuite.java:94)
at org.apache.maven.surefire.testng.TestNGProvider.invoke(TestNGProvider.java:146)
at org.apache.maven.surefire.booter.ForkedBooter.invokeProviderInSameClassLoader(ForkedBooter.java:373)
at org.apache.maven.surefire.booter.ForkedBooter.runSuitesInProcess(ForkedBooter.java:334)
at org.apache.maven.surefire.booter.ForkedBooter.execute(ForkedBooter.java:119)
at org.apache.maven.surefire.booter.ForkedBooter.main(ForkedBooter.java:407)
]]>
            </full-stacktrace>
          </exception> <!-- org.openqa.selenium.NoSuchElementException -->
          <reporter-output>
            <line>
              <![CDATA[captureScreen method called]]>
            </line>
            <line>
              <![CDATA[<a href='/Users/saurabhsharma/Automation_Workspace/UIAutomation_Aug2019/uiAutomationRetailSite/src/test/TestResults/com/uiAutomationRetailSite/Expedia/GCO/ScreenShots/Blank_56834_27_08_2019_08_52_47.png'> <img src='/Users/saurabhsharma/Automation_Workspace/UIAutomation_Aug2019/uiAutomationRetailSite/src/test/TestResults/com/uiAutomationRetailSite/Expedia/GCO/ScreenShots/Blank_56834_27_08_2019_08_52_47.png' height='100' width='100'/> </a>]]>
            </line>
          </reporter-output>
        </test-method> <!-- testRagitsration -->
        <test-method status="FAIL" signature="afterMethod(org.testng.ITestResult)[pri:0, instance:com.uiAutomationRetailSite.Expedia.GCO.TestScripts.RagistrationTest.RagistrationTest@598067a5]" name="afterMethod" is-config="true" duration-ms="14" started-at="2019-08-28T01:53:40Z" finished-at="2019-08-28T01:53:40Z">
          <params>
            <param index="0">
              <value>
                <![CDATA[[TestResult name=testRagitsration status=FAILURE method=RagistrationTest.testRagitsration()[pri:0, instance:com.uiAutomationRetailSite.Expedia.GCO.TestScripts.RagistrationTest.RagistrationTest@598067a5] output=captureScreen method called]]]>
              </value>
            </param>
          </params>
          <exception class="org.openqa.selenium.NoSuchWindowException">
            <message>
              <![CDATA[no such window: target window already closed
from unknown error: web view not found
  (Session info: chrome=76.0.3809.100)
  (Driver info: chromedriver=2.39.562713 (dd642283e958a93ebf6891600db055f1f1b4f3b2),platform=Mac OS X 10.14.6 x86_64) (WARNING: The server did not provide any stacktrace information)
Command duration or timeout: 0 milliseconds
Build info: version: '3.141.59', revision: 'e82be7d358', time: '2018-11-14T08:17:03'
System info: host: 'Saurabhs-MacBook-Pro.local', ip: '2601:249:8300:34f0:f9f0:4acf:d363:53f', os.name: 'Mac OS X', os.arch: 'x86_64', os.version: '10.14.6', java.version: '1.8.0_65'
Driver info: org.openqa.selenium.chrome.ChromeDriver
Capabilities {acceptInsecureCerts: false, acceptSslCerts: false, applicationCacheEnabled: false, browserConnectionEnabled: false, browserName: chrome, chrome: {chromedriverVersion: 2.39.562713 (dd642283e958a9..., userDataDir: /var/folders/4b/k0kz1pqs2b1...}, cssSelectorsEnabled: true, databaseEnabled: false, handlesAlerts: true, hasTouchScreen: false, javascriptEnabled: true, locationContextEnabled: true, mobileEmulationEnabled: false, nativeEvents: true, networkConnectionEnabled: false, pageLoadStrategy: normal, platform: MAC, platformName: MAC, rotatable: false, setWindowRect: true, takesHeapSnapshot: true, takesScreenshot: true, unexpectedAlertBehaviour: , unhandledPromptBehavior: , version: 76.0.3809.100, webStorageEnabled: true}
Session ID: 164194cc5e1f994cb469296587a1504b]]>
            </message>
            <full-stacktrace>
              <![CDATA[org.openqa.selenium.NoSuchWindowException: no such window: target window already closed
from unknown error: web view not found
  (Session info: chrome=76.0.3809.100)
  (Driver info: chromedriver=2.39.562713 (dd642283e958a93ebf6891600db055f1f1b4f3b2),platform=Mac OS X 10.14.6 x86_64) (WARNING: The server did not provide any stacktrace information)
Command duration or timeout: 0 milliseconds
Build info: version: '3.141.59', revision: 'e82be7d358', time: '2018-11-14T08:17:03'
System info: host: 'Saurabhs-MacBook-Pro.local', ip: '2601:249:8300:34f0:f9f0:4acf:d363:53f', os.name: 'Mac OS X', os.arch: 'x86_64', os.version: '10.14.6', java.version: '1.8.0_65'
Driver info: org.openqa.selenium.chrome.ChromeDriver
Capabilities {acceptInsecureCerts: false, acceptSslCerts: false, applicationCacheEnabled: false, browserConnectionEnabled: false, browserName: chrome, chrome: {chromedriverVersion: 2.39.562713 (dd642283e958a9..., userDataDir: /var/folders/4b/k0kz1pqs2b1...}, cssSelectorsEnabled: true, databaseEnabled: false, handlesAlerts: true, hasTouchScreen: false, javascriptEnabled: true, locationContextEnabled: true, mobileEmulationEnabled: false, nativeEvents: true, networkConnectionEnabled: false, pageLoadStrategy: normal, platform: MAC, platformName: MAC, rotatable: false, setWindowRect: true, takesHeapSnapshot: true, takesScreenshot: true, unexpectedAlertBehaviour: , unhandledPromptBehavior: , version: 76.0.3809.100, webStorageEnabled: true}
Session ID: 164194cc5e1f994cb469296587a1504b
at sun.reflect.NativeConstructorAccessorImpl.newInstance0(Native Method)
at sun.reflect.NativeConstructorAccessorImpl.newInstance(NativeConstructorAccessorImpl.java:62)
at sun.reflect.DelegatingConstructorAccessorImpl.newInstance(DelegatingConstructorAccessorImpl.java:45)
at java.lang.reflect.Constructor.newInstance(Constructor.java:422)
at org.openqa.selenium.remote.ErrorHandler.createThrowable(ErrorHandler.java:214)
at org.openqa.selenium.remote.ErrorHandler.throwIfResponseFailed(ErrorHandler.java:166)
at org.openqa.selenium.remote.http.JsonHttpResponseCodec.reconstructValue(JsonHttpResponseCodec.java:40)
at org.openqa.selenium.remote.http.AbstractHttpResponseCodec.decode(AbstractHttpResponseCodec.java:80)
at org.openqa.selenium.remote.http.AbstractHttpResponseCodec.decode(AbstractHttpResponseCodec.java:44)
at org.openqa.selenium.remote.HttpCommandExecutor.execute(HttpCommandExecutor.java:158)
at org.openqa.selenium.remote.service.DriverCommandExecutor.execute(DriverCommandExecutor.java:83)
at org.openqa.selenium.remote.RemoteWebDriver.execute(RemoteWebDriver.java:552)
at org.openqa.selenium.remote.RemoteWebDriver.execute(RemoteWebDriver.java:609)
at org.openqa.selenium.remote.RemoteWebDriver.getScreenshotAs(RemoteWebDriver.java:295)
at com.uiAutomationRetailSite.Expedia.GCO.TestBase.TestBase.captureScreenShot(TestBase.java:99)
at com.uiAutomationRetailSite.Expedia.GCO.TestBase.TestBase.afterMethod(TestBase.java:193)
at sun.reflect.NativeMethodAccessorImpl.invoke0(Native Method)
at sun.reflect.NativeMethodAccessorImpl.invoke(NativeMethodAccessorImpl.java:62)
at sun.reflect.DelegatingMethodAccessorImpl.invoke(DelegatingMethodAccessorImpl.java:43)
at java.lang.reflect.Method.invoke(Method.java:497)
at org.testng.internal.MethodInvocationHelper.invokeMethod(MethodInvocationHelper.java:124)
at org.testng.internal.MethodInvocationHelper.invokeMethodConsideringTimeout(MethodInvocationHelper.java:59)
at org.testng.internal.Invoker.invokeConfigurationMethod(Invoker.java:458)
at org.testng.internal.Invoker.invokeConfigurations(Invoker.java:222)
at org.testng.internal.Invoker.invokeMethod(Invoker.java:646)
at org.testng.internal.Invoker.invokeTestMethod(Invoker.java:719)
at org.testng.internal.Invoker.invokeTestMethods(Invoker.java:989)
at org.testng.internal.TestMethodWorker.invokeTestMethods(TestMethodWorker.java:125)
at org.testng.internal.TestMethodWorker.run(TestMethodWorker.java:109)
at org.testng.TestRunner.privateRun(TestRunner.java:648)
at org.testng.TestRunner.run(TestRunner.java:505)
at org.testng.SuiteRunner.runTest(SuiteRunner.java:455)
at org.testng.SuiteRunner.runSequentially(SuiteRunner.java:450)
at org.testng.SuiteRunner.privateRun(SuiteRunner.java:415)
at org.testng.SuiteRunner.run(SuiteRunner.java:364)
at org.testng.SuiteRunnerWorker.runSuite(SuiteRunnerWorker.java:52)
at org.testng.SuiteRunnerWorker.run(SuiteRunnerWorker.java:84)
at org.testng.TestNG.runSuitesSequentially(TestNG.java:1208)
at org.testng.TestNG.runSuitesLocally(TestNG.java:1137)
at org.testng.TestNG.runSuites(TestNG.java:1049)
at org.testng.TestNG.run(TestNG.java:1017)
at org.apache.maven.surefire.testng.TestNGExecutor.run(TestNGExecutor.java:135)
at org.apache.maven.surefire.testng.TestNGDirectoryTestSuite.executeMulti(TestNGDirectoryTestSuite.java:193)
at org.apache.maven.surefire.testng.TestNGDirectoryTestSuite.execute(TestNGDirectoryTestSuite.java:94)
at org.apache.maven.surefire.testng.TestNGProvider.invoke(TestNGProvider.java:146)
at org.apache.maven.surefire.booter.ForkedBooter.invokeProviderInSameClassLoader(ForkedBooter.java:373)
at org.apache.maven.surefire.booter.ForkedBooter.runSuitesInProcess(ForkedBooter.java:334)
at org.apache.maven.surefire.booter.ForkedBooter.execute(ForkedBooter.java:119)
at org.apache.maven.surefire.booter.ForkedBooter.main(ForkedBooter.java:407)
]]>
            </full-stacktrace>
          </exception> <!-- org.openqa.selenium.NoSuchWindowException -->
          <reporter-output>
            <line>
              <![CDATA[captureScreen method called]]>
            </line>
          </reporter-output>
        </test-method> <!-- afterMethod -->
      </class> <!-- com.uiAutomationRetailSite.Expedia.GCO.TestScripts.RagistrationTest.RagistrationTest -->
      <class name="com.uiAutomationRetailSite.Expedia.GCO.TestScripts.LoginTest.LoginTest">
        <test-method status="PASS" signature="beforeMethod(java.lang.reflect.Method)[pri:0, instance:com.uiAutomationRetailSite.Expedia.GCO.TestScripts.LoginTest.LoginTest@31ef45e3]" name="beforeMethod" is-config="true" duration-ms="3" started-at="2019-08-28T01:52:47Z" finished-at="2019-08-28T01:52:47Z">
          <params>
            <param index="0">
              <value>
                <![CDATA[public static void com.uiAutomationRetailSite.Expedia.GCO.TestScripts.LoginTest.LoginTest.validateLoginFunctinality()]]>
              </value>
            </param>
          </params>
          <reporter-output>
          </reporter-output>
        </test-method> <!-- beforeMethod -->
        <test-method status="PASS" signature="validateLoginFunctinality()[pri:0, instance:com.uiAutomationRetailSite.Expedia.GCO.TestScripts.LoginTest.LoginTest@31ef45e3]" name="validateLoginFunctinality" duration-ms="7168" started-at="2019-08-28T01:52:47Z" description="Login Test with valid credentails." finished-at="2019-08-28T01:52:54Z">
          <reporter-output>
            <line>
              <![CDATA[captureScreen method called]]>
            </line>
            <line>
              <![CDATA[<a href='/Users/saurabhsharma/Automation_Workspace/UIAutomation_Aug2019/uiAutomationRetailSite/src/test/TestResults/com/uiAutomationRetailSite/Expedia/GCO/ScreenShots/Blank_64854_27_08_2019_08_52_47.png'> <img src='/Users/saurabhsharma/Automation_Workspace/UIAutomation_Aug2019/uiAutomationRetailSite/src/test/TestResults/com/uiAutomationRetailSite/Expedia/GCO/ScreenShots/Blank_64854_27_08_2019_08_52_47.png' height='100' width='100'/> </a>]]>
            </line>
            <line>
              <![CDATA[captureScreen method called]]>
            </line>
            <line>
              <![CDATA[<a href='/Users/saurabhsharma/Automation_Workspace/UIAutomation_Aug2019/uiAutomationRetailSite/src/test/TestResults/com/uiAutomationRetailSite/Expedia/GCO/ScreenShots/Blank_67149_27_08_2019_08_52_47.png'> <img src='/Users/saurabhsharma/Automation_Workspace/UIAutomation_Aug2019/uiAutomationRetailSite/src/test/TestResults/com/uiAutomationRetailSite/Expedia/GCO/ScreenShots/Blank_67149_27_08_2019_08_52_47.png' height='100' width='100'/> </a>]]>
            </line>
          </reporter-output>
        </test-method> <!-- validateLoginFunctinality -->
        <test-method status="PASS" signature="afterMethod(org.testng.ITestResult)[pri:0, instance:com.uiAutomationRetailSite.Expedia.GCO.TestScripts.LoginTest.LoginTest@31ef45e3]" name="afterMethod" is-config="true" duration-ms="33" started-at="2019-08-28T01:52:54Z" finished-at="2019-08-28T01:52:54Z">
          <params>
            <param index="0">
              <value>
                <![CDATA[[TestResult name=validateLoginFunctinality status=SUCCESS method=LoginTest.validateLoginFunctinality()[pri:0, instance:com.uiAutomationRetailSite.Expedia.GCO.TestScripts.LoginTest.LoginTest@31ef45e3] output=captureScreen method called]]]>
              </value>
            </param>
          </params>
          <reporter-output>
          </reporter-output>
        </test-method> <!-- afterMethod -->
      </class> <!-- com.uiAutomationRetailSite.Expedia.GCO.TestScripts.LoginTest.LoginTest -->
    </test> <!-- Surefire test -->
  </suite> <!-- Surefire suite -->
</testng-results>
