<?xml version="1.0" encoding="UTF-8"?>
<testng-results skipped="0" failed="1" ignored="0" total="1" passed="0">
  <reporter-output>
    <line>
      <![CDATA[captureScreen method called]]>
    </line>
    <line>
      <![CDATA[<a href='/Users/saurabhsharma/Automation_Workspace/UIAutomation_Aug2019/uiAutomationRetailSite/src/test/TestResults/com/uiAutomationRetailSite/Expedia/GCO/ScreenShots/Blank_45961_26_08_2019_08_57_30.png'> <img src='/Users/saurabhsharma/Automation_Workspace/UIAutomation_Aug2019/uiAutomationRetailSite/src/test/TestResults/com/uiAutomationRetailSite/Expedia/GCO/ScreenShots/Blank_45961_26_08_2019_08_57_30.png' height='100' width='100'/> </a>]]>
    </line>
    <line>
      <![CDATA[captureScreen method called]]>
    </line>
    <line>
      <![CDATA[<a href='/Users/saurabhsharma/Automation_Workspace/UIAutomation_Aug2019/uiAutomationRetailSite/src/test/TestResults/com/uiAutomationRetailSite/Expedia/GCO/ScreenShots/Blank_50853_26_08_2019_08_57_30.png'> <img src='/Users/saurabhsharma/Automation_Workspace/UIAutomation_Aug2019/uiAutomationRetailSite/src/test/TestResults/com/uiAutomationRetailSite/Expedia/GCO/ScreenShots/Blank_50853_26_08_2019_08_57_30.png' height='100' width='100'/> </a>]]>
    </line>
    <line>
      <![CDATA[captureScreen method called]]>
    </line>
    <line>
      <![CDATA[<a href='/Users/saurabhsharma/Automation_Workspace/UIAutomation_Aug2019/uiAutomationRetailSite/src/test/TestResults/com/uiAutomationRetailSite/Expedia/GCO/ScreenShots/validateLowestPrice_26526_26_08_2019_08_57_30.png'> <img src='/Users/saurabhsharma/Automation_Workspace/UIAutomation_Aug2019/uiAutomationRetailSite/src/test/TestResults/com/uiAutomationRetailSite/Expedia/GCO/ScreenShots/validateLowestPrice_26526_26_08_2019_08_57_30.png' height='100' width='100'/> </a>]]>
    </line>
  </reporter-output>
  <suite name="Default suite" duration-ms="18092" started-at="2019-08-27T01:57:24Z" finished-at="2019-08-27T01:57:42Z">
    <groups>
    </groups>
    <test name="Default test" duration-ms="18092" started-at="2019-08-27T01:57:24Z" finished-at="2019-08-27T01:57:42Z">
      <class name="com.uiAutomationRetailSite.Expedia.GCO.TestScripts.DecendingSortedPrice.DecendingSortedPrice">
        <test-method status="PASS" signature="beforeSuite()[pri:0, instance:com.uiAutomationRetailSite.Expedia.GCO.TestScripts.DecendingSortedPrice.DecendingSortedPrice@44a3ec6b]" name="beforeSuite" is-config="true" duration-ms="147" started-at="2019-08-27T01:57:23Z" finished-at="2019-08-27T01:57:24Z">
          <reporter-output>
          </reporter-output>
        </test-method> <!-- beforeSuite -->
        <test-method status="PASS" signature="beforeTest()[pri:0, instance:com.uiAutomationRetailSite.Expedia.GCO.TestScripts.DecendingSortedPrice.DecendingSortedPrice@44a3ec6b]" name="beforeTest" is-config="true" duration-ms="1929" started-at="2019-08-27T01:57:24Z" finished-at="2019-08-27T01:57:26Z">
          <reporter-output>
          </reporter-output>
        </test-method> <!-- beforeTest -->
        <test-method status="PASS" signature="beforeMethod(java.lang.reflect.Method)[pri:0, instance:com.uiAutomationRetailSite.Expedia.GCO.TestScripts.DecendingSortedPrice.DecendingSortedPrice@44a3ec6b]" name="beforeMethod" is-config="true" duration-ms="9" started-at="2019-08-27T01:57:26Z" finished-at="2019-08-27T01:57:26Z">
          <params>
            <param index="0">
              <value>
                <![CDATA[public static void com.uiAutomationRetailSite.Expedia.GCO.TestScripts.DecendingSortedPrice.DecendingSortedPrice.validateLowestPrice() throws java.lang.InterruptedException]]>
              </value>
            </param>
          </params>
          <reporter-output>
          </reporter-output>
        </test-method> <!-- beforeMethod -->
        <test-method status="FAIL" signature="validateLowestPrice()[pri:0, instance:com.uiAutomationRetailSite.Expedia.GCO.TestScripts.DecendingSortedPrice.DecendingSortedPrice@44a3ec6b]" name="validateLowestPrice" duration-ms="15124" started-at="2019-08-27T01:57:26Z" description="Check the product of lowets price." finished-at="2019-08-27T01:57:41Z">
          <exception class="java.lang.AssertionError">
            <message>
              <![CDATA[expected [true] but found [false]]]>
            </message>
            <full-stacktrace>
              <![CDATA[java.lang.AssertionError: expected [true] but found [false]
at org.testng.Assert.fail(Assert.java:96)
at org.testng.Assert.failNotEquals(Assert.java:776)
at org.testng.Assert.assertTrue(Assert.java:44)
at org.testng.Assert.assertTrue(Assert.java:54)
at com.uiAutomationRetailSite.Expedia.GCO.Helper.Assertion.AssertionHelper.Fail(AssertionHelper.java:84)
at com.uiAutomationRetailSite.Expedia.GCO.Helper.Assertion.AssertionHelper.updateTestStatus(AssertionHelper.java:99)
at com.uiAutomationRetailSite.Expedia.GCO.TestScripts.DecendingSortedPrice.DecendingSortedPrice.validateLowestPrice(DecendingSortedPrice.java:39)
at sun.reflect.NativeMethodAccessorImpl.invoke0(Native Method)
at sun.reflect.NativeMethodAccessorImpl.invoke(NativeMethodAccessorImpl.java:62)
at sun.reflect.DelegatingMethodAccessorImpl.invoke(DelegatingMethodAccessorImpl.java:43)
at java.lang.reflect.Method.invoke(Method.java:497)
at org.testng.internal.MethodInvocationHelper.invokeMethod(MethodInvocationHelper.java:124)
at org.testng.internal.Invoker.invokeMethod(Invoker.java:583)
at org.testng.internal.Invoker.invokeTestMethod(Invoker.java:719)
at org.testng.internal.Invoker.invokeTestMethods(Invoker.java:989)
at org.testng.internal.TestMethodWorker.invokeTestMethods(TestMethodWorker.java:125)
at org.testng.internal.TestMethodWorker.run(TestMethodWorker.java:109)
at org.testng.TestRunner.privateRun(TestRunner.java:648)
at org.testng.TestRunner.run(TestRunner.java:505)
at org.testng.SuiteRunner.runTest(SuiteRunner.java:455)
at org.testng.SuiteRunner.runSequentially(SuiteRunner.java:450)
at org.testng.SuiteRunner.privateRun(SuiteRunner.java:415)
at org.testng.SuiteRunner.run(SuiteRunner.java:364)
at org.testng.SuiteRunnerWorker.runSuite(SuiteRunnerWorker.java:52)
at org.testng.SuiteRunnerWorker.run(SuiteRunnerWorker.java:84)
at org.testng.TestNG.runSuitesSequentially(TestNG.java:1208)
at org.testng.TestNG.runSuitesLocally(TestNG.java:1137)
at org.testng.TestNG.runSuites(TestNG.java:1049)
at org.testng.TestNG.run(TestNG.java:1017)
at org.testng.remote.AbstractRemoteTestNG.run(AbstractRemoteTestNG.java:114)
at org.testng.remote.RemoteTestNG.initAndRun(RemoteTestNG.java:251)
at org.testng.remote.RemoteTestNG.main(RemoteTestNG.java:77)
]]>
            </full-stacktrace>
          </exception> <!-- java.lang.AssertionError -->
          <reporter-output>
            <line>
              <![CDATA[captureScreen method called]]>
            </line>
            <line>
              <![CDATA[<a href='/Users/saurabhsharma/Automation_Workspace/UIAutomation_Aug2019/uiAutomationRetailSite/src/test/TestResults/com/uiAutomationRetailSite/Expedia/GCO/ScreenShots/Blank_45961_26_08_2019_08_57_30.png'> <img src='/Users/saurabhsharma/Automation_Workspace/UIAutomation_Aug2019/uiAutomationRetailSite/src/test/TestResults/com/uiAutomationRetailSite/Expedia/GCO/ScreenShots/Blank_45961_26_08_2019_08_57_30.png' height='100' width='100'/> </a>]]>
            </line>
            <line>
              <![CDATA[captureScreen method called]]>
            </line>
            <line>
              <![CDATA[<a href='/Users/saurabhsharma/Automation_Workspace/UIAutomation_Aug2019/uiAutomationRetailSite/src/test/TestResults/com/uiAutomationRetailSite/Expedia/GCO/ScreenShots/Blank_50853_26_08_2019_08_57_30.png'> <img src='/Users/saurabhsharma/Automation_Workspace/UIAutomation_Aug2019/uiAutomationRetailSite/src/test/TestResults/com/uiAutomationRetailSite/Expedia/GCO/ScreenShots/Blank_50853_26_08_2019_08_57_30.png' height='100' width='100'/> </a>]]>
            </line>
          </reporter-output>
        </test-method> <!-- validateLowestPrice -->
        <test-method status="PASS" signature="afterMethod(org.testng.ITestResult)[pri:0, instance:com.uiAutomationRetailSite.Expedia.GCO.TestScripts.DecendingSortedPrice.DecendingSortedPrice@44a3ec6b]" name="afterMethod" is-config="true" duration-ms="877" started-at="2019-08-27T01:57:41Z" finished-at="2019-08-27T01:57:42Z">
          <params>
            <param index="0">
              <value>
                <![CDATA[[TestResult name=validateLowestPrice status=FAILURE method=DecendingSortedPrice.validateLowestPrice()[pri:0, instance:com.uiAutomationRetailSite.Expedia.GCO.TestScripts.DecendingSortedPrice.DecendingSortedPrice@44a3ec6b] output=captureScreen method called]]]>
              </value>
            </param>
          </params>
          <reporter-output>
            <line>
              <![CDATA[captureScreen method called]]>
            </line>
            <line>
              <![CDATA[<a href='/Users/saurabhsharma/Automation_Workspace/UIAutomation_Aug2019/uiAutomationRetailSite/src/test/TestResults/com/uiAutomationRetailSite/Expedia/GCO/ScreenShots/validateLowestPrice_26526_26_08_2019_08_57_30.png'> <img src='/Users/saurabhsharma/Automation_Workspace/UIAutomation_Aug2019/uiAutomationRetailSite/src/test/TestResults/com/uiAutomationRetailSite/Expedia/GCO/ScreenShots/validateLowestPrice_26526_26_08_2019_08_57_30.png' height='100' width='100'/> </a>]]>
            </line>
          </reporter-output>
        </test-method> <!-- afterMethod -->
        <test-method status="PASS" signature="afterTest()[pri:0, instance:com.uiAutomationRetailSite.Expedia.GCO.TestScripts.DecendingSortedPrice.DecendingSortedPrice@44a3ec6b]" name="afterTest" is-config="true" duration-ms="124" started-at="2019-08-27T01:57:42Z" finished-at="2019-08-27T01:57:42Z">
          <reporter-output>
          </reporter-output>
        </test-method> <!-- afterTest -->
      </class> <!-- com.uiAutomationRetailSite.Expedia.GCO.TestScripts.DecendingSortedPrice.DecendingSortedPrice -->
    </test> <!-- Default test -->
  </suite> <!-- Default suite -->
</testng-results>
